Analysis & Synthesis report for booth
Thu Dec 16 12:28:29 2021
Quartus II 64-Bit Version 13.0.0 Build 156 04/24/2013 SJ Web Edition


---------------------
; Table of Contents ;
---------------------
  1. Legal Notice
  2. Analysis & Synthesis Summary
  3. Analysis & Synthesis Settings
  4. Parallel Compilation
  5. Analysis & Synthesis Source Files Read
  6. Analysis & Synthesis Resource Usage Summary
  7. Analysis & Synthesis Resource Utilization by Entity
  8. State Machine - |booth|machine:state_machine|state
  9. General Register Statistics
 10. Multiplexer Restructuring Statistics (Restructuring Performed)
 11. Port Connectivity Checks: "reg:add_reg"
 12. Port Connectivity Checks: "reg:dec_reg2"
 13. Elapsed Time Per Partition
 14. Analysis & Synthesis Messages



----------------
; Legal Notice ;
----------------
Copyright (C) 1991-2013 Altera Corporation
Your use of Altera Corporation's design tools, logic functions 
and other software and tools, and its AMPP partner logic 
functions, and any output files from any of the foregoing 
(including device programming or simulation files), and any 
associated documentation or information are expressly subject 
to the terms and conditions of the Altera Program License 
Subscription Agreement, Altera MegaCore Function License 
Agreement, or other applicable license agreement, including, 
without limitation, that your use is for the sole purpose of 
programming logic devices manufactured by Altera and sold by 
Altera or its authorized distributors.  Please refer to the 
applicable agreement for further details.



+----------------------------------------------------------------------------------+
; Analysis & Synthesis Summary                                                     ;
+-------------------------------------+--------------------------------------------+
; Analysis & Synthesis Status         ; Successful - Thu Dec 16 12:28:29 2021      ;
; Quartus II 64-Bit Version           ; 13.0.0 Build 156 04/24/2013 SJ Web Edition ;
; Revision Name                       ; booth                                      ;
; Top-level Entity Name               ; booth                                      ;
; Family                              ; Cyclone V                                  ;
; Logic utilization (in ALMs)         ; N/A                                        ;
; Total registers                     ; 43                                         ;
; Total pins                          ; 110                                        ;
; Total virtual pins                  ; 0                                          ;
; Total block memory bits             ; 0                                          ;
; Total DSP Blocks                    ; 0                                          ;
; Total HSSI RX PCSs                  ; 0                                          ;
; Total HSSI PMA RX Deserializers     ; 0                                          ;
; Total HSSI PMA RX ATT Deserializers ; 0                                          ;
; Total HSSI TX PCSs                  ; 0                                          ;
; Total HSSI PMA TX Serializers       ; 0                                          ;
; Total HSSI PMA TX ATT Serializers   ; 0                                          ;
; Total PLLs                          ; 0                                          ;
; Total DLLs                          ; 0                                          ;
+-------------------------------------+--------------------------------------------+


+---------------------------------------------------------------------------------------------------------------------------+
; Analysis & Synthesis Settings                                                                                             ;
+---------------------------------------------------------------------------------+--------------------+--------------------+
; Option                                                                          ; Setting            ; Default Value      ;
+---------------------------------------------------------------------------------+--------------------+--------------------+
; Device                                                                          ; 5CEFA7F23C6        ;                    ;
; Top-level entity name                                                           ; booth              ; booth              ;
; Family name                                                                     ; Cyclone V          ; Cyclone IV GX      ;
; Use smart compilation                                                           ; Off                ; Off                ;
; Enable parallel Assembler and TimeQuest Timing Analyzer during compilation      ; On                 ; On                 ;
; Enable compact report table                                                     ; Off                ; Off                ;
; Restructure Multiplexers                                                        ; Auto               ; Auto               ;
; MLAB Add Timing Constraints For Mixed-Port Feed-Through Mode Setting Don't Care ; Off                ; Off                ;
; Create Debugging Nodes for IP Cores                                             ; Off                ; Off                ;
; Preserve fewer node names                                                       ; On                 ; On                 ;
; Disable OpenCore Plus hardware evaluation                                       ; Off                ; Off                ;
; Verilog Version                                                                 ; Verilog_2001       ; Verilog_2001       ;
; VHDL Version                                                                    ; VHDL_1993          ; VHDL_1993          ;
; State Machine Processing                                                        ; Auto               ; Auto               ;
; Safe State Machine                                                              ; Off                ; Off                ;
; Extract Verilog State Machines                                                  ; On                 ; On                 ;
; Extract VHDL State Machines                                                     ; On                 ; On                 ;
; Ignore Verilog initial constructs                                               ; Off                ; Off                ;
; Iteration limit for constant Verilog loops                                      ; 5000               ; 5000               ;
; Iteration limit for non-constant Verilog loops                                  ; 250                ; 250                ;
; Add Pass-Through Logic to Inferred RAMs                                         ; On                 ; On                 ;
; Infer RAMs from Raw Logic                                                       ; On                 ; On                 ;
; Parallel Synthesis                                                              ; On                 ; On                 ;
; DSP Block Balancing                                                             ; Auto               ; Auto               ;
; NOT Gate Push-Back                                                              ; On                 ; On                 ;
; Power-Up Don't Care                                                             ; On                 ; On                 ;
; Remove Redundant Logic Cells                                                    ; Off                ; Off                ;
; Remove Duplicate Registers                                                      ; On                 ; On                 ;
; Ignore CARRY Buffers                                                            ; Off                ; Off                ;
; Ignore CASCADE Buffers                                                          ; Off                ; Off                ;
; Ignore GLOBAL Buffers                                                           ; Off                ; Off                ;
; Ignore ROW GLOBAL Buffers                                                       ; Off                ; Off                ;
; Ignore LCELL Buffers                                                            ; Off                ; Off                ;
; Ignore SOFT Buffers                                                             ; On                 ; On                 ;
; Limit AHDL Integers to 32 Bits                                                  ; Off                ; Off                ;
; Optimization Technique                                                          ; Balanced           ; Balanced           ;
; Carry Chain Length                                                              ; 70                 ; 70                 ;
; Auto Carry Chains                                                               ; On                 ; On                 ;
; Auto Open-Drain Pins                                                            ; On                 ; On                 ;
; Perform WYSIWYG Primitive Resynthesis                                           ; Off                ; Off                ;
; Auto ROM Replacement                                                            ; On                 ; On                 ;
; Auto RAM Replacement                                                            ; On                 ; On                 ;
; Auto DSP Block Replacement                                                      ; On                 ; On                 ;
; Auto Shift Register Replacement                                                 ; Auto               ; Auto               ;
; Allow Shift Register Merging across Hierarchies                                 ; Auto               ; Auto               ;
; Auto Clock Enable Replacement                                                   ; On                 ; On                 ;
; Strict RAM Replacement                                                          ; Off                ; Off                ;
; Allow Synchronous Control Signals                                               ; On                 ; On                 ;
; Force Use of Synchronous Clear Signals                                          ; Off                ; Off                ;
; Auto Resource Sharing                                                           ; Off                ; Off                ;
; Allow Any RAM Size For Recognition                                              ; Off                ; Off                ;
; Allow Any ROM Size For Recognition                                              ; Off                ; Off                ;
; Allow Any Shift Register Size For Recognition                                   ; Off                ; Off                ;
; Use LogicLock Constraints during Resource Balancing                             ; On                 ; On                 ;
; Ignore translate_off and synthesis_off directives                               ; Off                ; Off                ;
; Timing-Driven Synthesis                                                         ; On                 ; On                 ;
; Report Parameter Settings                                                       ; On                 ; On                 ;
; Report Source Assignments                                                       ; On                 ; On                 ;
; Report Connectivity Checks                                                      ; On                 ; On                 ;
; Ignore Maximum Fan-Out Assignments                                              ; Off                ; Off                ;
; Synchronization Register Chain Length                                           ; 3                  ; 3                  ;
; PowerPlay Power Optimization                                                    ; Normal compilation ; Normal compilation ;
; HDL message level                                                               ; Level2             ; Level2             ;
; Suppress Register Optimization Related Messages                                 ; Off                ; Off                ;
; Number of Removed Registers Reported in Synthesis Report                        ; 5000               ; 5000               ;
; Number of Swept Nodes Reported in Synthesis Report                              ; 5000               ; 5000               ;
; Number of Inverted Registers Reported in Synthesis Report                       ; 100                ; 100                ;
; Clock MUX Protection                                                            ; On                 ; On                 ;
; Auto Gated Clock Conversion                                                     ; Off                ; Off                ;
; Block Design Naming                                                             ; Auto               ; Auto               ;
; SDC constraint protection                                                       ; Off                ; Off                ;
; Synthesis Effort                                                                ; Auto               ; Auto               ;
; Shift Register Replacement - Allow Asynchronous Clear Signal                    ; On                 ; On                 ;
; Pre-Mapping Resynthesis Optimization                                            ; Off                ; Off                ;
; Analysis & Synthesis Message Level                                              ; Medium             ; Medium             ;
; Disable Register Merging Across Hierarchies                                     ; Auto               ; Auto               ;
; Resource Aware Inference For Block RAM                                          ; On                 ; On                 ;
; Synthesis Seed                                                                  ; 1                  ; 1                  ;
; Automatic Parallel Synthesis                                                    ; Off                ; Off                ;
+---------------------------------------------------------------------------------+--------------------+--------------------+


Parallel compilation was disabled, but you have multiple processors available. Enable parallel compilation to reduce compilation time.
+-------------------------------------+
; Parallel Compilation                ;
+----------------------------+--------+
; Processors                 ; Number ;
+----------------------------+--------+
; Number detected on machine ; 4      ;
; Maximum allowed            ; 1      ;
+----------------------------+--------+


+------------------------------------------------------------------------------------------------------------------------------------------------------+
; Analysis & Synthesis Source Files Read                                                                                                               ;
+----------------------------------+-----------------+-----------------+---------------------------------------------------------------------+---------+
; File Name with User-Entered Path ; Used in Netlist ; File Type       ; File Name with Absolute Path                                        ; Library ;
+----------------------------------+-----------------+-----------------+---------------------------------------------------------------------+---------+
; register.vhd                     ; yes             ; User VHDL File  ; C:/Users/marce/Documents/embarcados/multiplicadorBooth/register.vhd ;         ;
; booth.vhd                        ; yes             ; User VHDL File  ; C:/Users/marce/Documents/embarcados/multiplicadorBooth/booth.vhd    ;         ;
; decoder.vhd                      ; yes             ; User VHDL File  ; C:/Users/marce/Documents/embarcados/multiplicadorBooth/decoder.vhd  ;         ;
; adder.vhd                        ; yes             ; User VHDL File  ; C:/Users/marce/Documents/embarcados/multiplicadorBooth/adder.vhd    ;         ;
; mux.vhd                          ; yes             ; User VHDL File  ; C:/Users/marce/Documents/embarcados/multiplicadorBooth/mux.vhd      ;         ;
; machine.vhd                      ; yes             ; User VHDL File  ; C:/Users/marce/Documents/embarcados/multiplicadorBooth/machine.vhd  ;         ;
; shift.vhd                        ; yes             ; User VHDL File  ; C:/Users/marce/Documents/embarcados/multiplicadorBooth/shift.vhd    ;         ;
+----------------------------------+-----------------+-----------------+---------------------------------------------------------------------+---------+


+---------------------------------------------------------+
; Analysis & Synthesis Resource Usage Summary             ;
+---------------------------------------------+-----------+
; Resource                                    ; Usage     ;
+---------------------------------------------+-----------+
; Estimate of Logic utilization (ALMs needed) ; 43        ;
;                                             ;           ;
; Combinational ALUT usage for logic          ; 71        ;
;     -- 7 input functions                    ; 0         ;
;     -- 6 input functions                    ; 12        ;
;     -- 5 input functions                    ; 10        ;
;     -- 4 input functions                    ; 10        ;
;     -- <=3 input functions                  ; 39        ;
;                                             ;           ;
; Dedicated logic registers                   ; 43        ;
;                                             ;           ;
; I/O pins                                    ; 110       ;
; Total DSP Blocks                            ; 0         ;
; Maximum fan-out node                        ; clk~input ;
; Maximum fan-out                             ; 43        ;
; Total fan-out                               ; 621       ;
; Average fan-out                             ; 1.86      ;
+---------------------------------------------+-----------+


+--------------------------------------------------------------------------------------------------------------------------------------------------------------------------------------+
; Analysis & Synthesis Resource Utilization by Entity                                                                                                                                  ;
+-------------------------------------+-------------------+--------------+-------------------+------------+------+--------------+---------------------------------------+--------------+
; Compilation Hierarchy Node          ; LC Combinationals ; LC Registers ; Block Memory Bits ; DSP Blocks ; Pins ; Virtual Pins ; Full Hierarchy Name                   ; Library Name ;
+-------------------------------------+-------------------+--------------+-------------------+------------+------+--------------+---------------------------------------+--------------+
; |booth                              ; 71 (0)            ; 43 (0)       ; 0                 ; 0          ; 110  ; 0            ; |booth                                ;              ;
;    |adder:add|                      ; 12 (12)           ; 0 (0)        ; 0                 ; 0          ; 0    ; 0            ; |booth|adder:add                      ;              ;
;    |decoder:dec|                    ; 11 (11)           ; 0 (0)        ; 0                 ; 0          ; 0    ; 0            ; |booth|decoder:dec                    ;              ;
;    |machine:state_machine|          ; 17 (17)           ; 7 (7)        ; 0                 ; 0          ; 0    ; 0            ; |booth|machine:state_machine          ;              ;
;    |mux:dec_mux|                    ; 13 (13)           ; 0 (0)        ; 0                 ; 0          ; 0    ; 0            ; |booth|mux:dec_mux                    ;              ;
;    |reg:add_reg|                    ; 0 (0)             ; 12 (12)      ; 0                 ; 0          ; 0    ; 0            ; |booth|reg:add_reg                    ;              ;
;    |reg:dec_reg2|                   ; 0 (0)             ; 12 (12)      ; 0                 ; 0          ; 0    ; 0            ; |booth|reg:dec_reg2                   ;              ;
;    |reg:dec_reg|                    ; 2 (2)             ; 12 (12)      ; 0                 ; 0          ; 0    ; 0            ; |booth|reg:dec_reg                    ;              ;
;    |shift_input:shift_select_input| ; 16 (16)           ; 0 (0)        ; 0                 ; 0          ; 0    ; 0            ; |booth|shift_input:shift_select_input ;              ;
+-------------------------------------+-------------------+--------------+-------------------+------------+------+--------------+---------------------------------------+--------------+
Note: For table entries with two numbers listed, the numbers in parentheses indicate the number of resources of the given type used by the specific entity alone. The numbers listed outside of parentheses indicate the total resources of the given type used by the specific entity and all of its sub-entities in the hierarchy.


Encoding Type:  One-Hot
+---------------------------------------------------------------------------------------+
; State Machine - |booth|machine:state_machine|state                                    ;
+----------+----------+----------+----------+----------+----------+----------+----------+
; Name     ; state.s6 ; state.s5 ; state.s4 ; state.s3 ; state.s2 ; state.s1 ; state.s0 ;
+----------+----------+----------+----------+----------+----------+----------+----------+
; state.s0 ; 0        ; 0        ; 0        ; 0        ; 0        ; 0        ; 0        ;
; state.s1 ; 0        ; 0        ; 0        ; 0        ; 0        ; 1        ; 1        ;
; state.s2 ; 0        ; 0        ; 0        ; 0        ; 1        ; 0        ; 1        ;
; state.s3 ; 0        ; 0        ; 0        ; 1        ; 0        ; 0        ; 1        ;
; state.s4 ; 0        ; 0        ; 1        ; 0        ; 0        ; 0        ; 1        ;
; state.s5 ; 0        ; 1        ; 0        ; 0        ; 0        ; 0        ; 1        ;
; state.s6 ; 1        ; 0        ; 0        ; 0        ; 0        ; 0        ; 1        ;
+----------+----------+----------+----------+----------+----------+----------+----------+


+------------------------------------------------------+
; General Register Statistics                          ;
+----------------------------------------------+-------+
; Statistic                                    ; Value ;
+----------------------------------------------+-------+
; Total registers                              ; 43    ;
; Number of registers using Synchronous Clear  ; 10    ;
; Number of registers using Synchronous Load   ; 12    ;
; Number of registers using Asynchronous Clear ; 0     ;
; Number of registers using Asynchronous Load  ; 0     ;
; Number of registers using Clock Enable       ; 36    ;
; Number of registers using Preset             ; 0     ;
+----------------------------------------------+-------+


+----------------------------------------------------------------------------------------------------------------------------------------------------------+
; Multiplexer Restructuring Statistics (Restructuring Performed)                                                                                           ;
+--------------------+-----------+---------------+----------------------+------------------------+------------+--------------------------------------------+
; Multiplexer Inputs ; Bus Width ; Baseline Area ; Area if Restructured ; Saving if Restructured ; Registered ; Example Multiplexer Output                 ;
+--------------------+-----------+---------------+----------------------+------------------------+------------+--------------------------------------------+
; 3:1                ; 2 bits    ; 4 LEs         ; 2 LEs                ; 2 LEs                  ; Yes        ; |booth|reg:dec_reg|output_reg[0]           ;
; 3:1                ; 10 bits   ; 20 LEs        ; 0 LEs                ; 20 LEs                 ; Yes        ; |booth|reg:dec_reg|output_reg[10]          ;
; 3:1                ; 2 bits    ; 4 LEs         ; 4 LEs                ; 0 LEs                  ; No         ; |booth|shift_input:shift_select_input|Mux9 ;
; 3:1                ; 4 bits    ; 8 LEs         ; 8 LEs                ; 0 LEs                  ; No         ; |booth|shift_input:shift_select_input|Mux1 ;
; 4:1                ; 3 bits    ; 6 LEs         ; 6 LEs                ; 0 LEs                  ; No         ; |booth|shift_input:shift_select_input|Mux5 ;
; 3:1                ; 2 bits    ; 4 LEs         ; 4 LEs                ; 0 LEs                  ; No         ; |booth|machine:state_machine|Selector1     ;
; 8:1                ; 5 bits    ; 25 LEs        ; 20 LEs               ; 5 LEs                  ; No         ; |booth|decoder:dec|result_dec[4]           ;
+--------------------+-----------+---------------+----------------------+------------------------+------------+--------------------------------------------+


+-------------------------------------------+
; Port Connectivity Checks: "reg:add_reg"   ;
+---------+-------+----------+--------------+
; Port    ; Type  ; Severity ; Details      ;
+---------+-------+----------+--------------+
; init_po ; Input ; Info     ; Stuck at GND ;
+---------+-------+----------+--------------+


+-------------------------------------------+
; Port Connectivity Checks: "reg:dec_reg2"  ;
+---------+-------+----------+--------------+
; Port    ; Type  ; Severity ; Details      ;
+---------+-------+----------+--------------+
; init_po ; Input ; Info     ; Stuck at GND ;
+---------+-------+----------+--------------+


+-------------------------------+
; Elapsed Time Per Partition    ;
+----------------+--------------+
; Partition Name ; Elapsed Time ;
+----------------+--------------+
; Top            ; 00:00:01     ;
+----------------+--------------+


+-------------------------------+
; Analysis & Synthesis Messages ;
+-------------------------------+
Info: *******************************************************************
Info: Running Quartus II 64-Bit Analysis & Synthesis
    Info: Version 13.0.0 Build 156 04/24/2013 SJ Web Edition
    Info: Processing started: Thu Dec 16 12:28:26 2021
Info: Command: quartus_map --read_settings_files=on --write_settings_files=off booth -c booth
Warning (20028): Parallel compilation is not licensed and has been disabled
Info (12021): Found 2 design units, including 1 entities, in source file register.vhd
    Info (12022): Found design unit 1: reg-rtl
    Info (12023): Found entity 1: reg
Info (12021): Found 2 design units, including 1 entities, in source file booth.vhd
    Info (12022): Found design unit 1: booth-rtl
    Info (12023): Found entity 1: booth
Info (12021): Found 2 design units, including 1 entities, in source file decoder.vhd
    Info (12022): Found design unit 1: decoder-rtl
    Info (12023): Found entity 1: decoder
Info (12021): Found 2 design units, including 1 entities, in source file adder.vhd
    Info (12022): Found design unit 1: adder-rtl
    Info (12023): Found entity 1: adder
Warning (12090): Entity "mux" obtained from "mux.vhd" instead of from Quartus II megafunction library
Info (12021): Found 2 design units, including 1 entities, in source file mux.vhd
    Info (12022): Found design unit 1: mux-rtl
    Info (12023): Found entity 1: mux
Info (12021): Found 2 design units, including 1 entities, in source file machine.vhd
    Info (12022): Found design unit 1: machine-rtl
    Info (12023): Found entity 1: machine
Info (12021): Found 2 design units, including 1 entities, in source file shift.vhd
    Info (12022): Found design unit 1: shift_input-rtl
    Info (12023): Found entity 1: shift_input
Info (12021): Found 2 design units, including 1 entities, in source file booth_top.vhd
    Info (12022): Found design unit 1: booth_top-rtl
    Info (12023): Found entity 1: booth_top
Info (12127): Elaborating entity "booth" for the top level hierarchy
Info (12128): Elaborating entity "machine" for hierarchy "machine:state_machine"
Warning (10492): VHDL Process Statement warning at machine.vhd(69): signal "input_mr" is read inside the Process Statement but isn't in the Process Statement's sensitivity list
Warning (10492): VHDL Process Statement warning at machine.vhd(70): signal "mr_with_bit" is read inside the Process Statement but isn't in the Process Statement's sensitivity list
Warning (10492): VHDL Process Statement warning at machine.vhd(78): signal "input_mr" is read inside the Process Statement but isn't in the Process Statement's sensitivity list
Warning (10492): VHDL Process Statement warning at machine.vhd(79): signal "mr_with_bit" is read inside the Process Statement but isn't in the Process Statement's sensitivity list
Warning (10492): VHDL Process Statement warning at machine.vhd(87): signal "input_mr" is read inside the Process Statement but isn't in the Process Statement's sensitivity list
Warning (10492): VHDL Process Statement warning at machine.vhd(88): signal "mr_with_bit" is read inside the Process Statement but isn't in the Process Statement's sensitivity list
Warning (10492): VHDL Process Statement warning at machine.vhd(96): signal "input_mr" is read inside the Process Statement but isn't in the Process Statement's sensitivity list
Warning (10492): VHDL Process Statement warning at machine.vhd(97): signal "mr_with_bit" is read inside the Process Statement but isn't in the Process Statement's sensitivity list
Warning (10492): VHDL Process Statement warning at machine.vhd(105): signal "input_mr" is read inside the Process Statement but isn't in the Process Statement's sensitivity list
Warning (10492): VHDL Process Statement warning at machine.vhd(106): signal "mr_with_bit" is read inside the Process Statement but isn't in the Process Statement's sensitivity list
Warning (10492): VHDL Process Statement warning at machine.vhd(114): signal "input_mr" is read inside the Process Statement but isn't in the Process Statement's sensitivity list
Warning (10492): VHDL Process Statement warning at machine.vhd(115): signal "mr_with_bit" is read inside the Process Statement but isn't in the Process Statement's sensitivity list
Warning (10492): VHDL Process Statement warning at machine.vhd(123): signal "input_mr" is read inside the Process Statement but isn't in the Process Statement's sensitivity list
Warning (10492): VHDL Process Statement warning at machine.vhd(124): signal "mr_with_bit" is read inside the Process Statement but isn't in the Process Statement's sensitivity list
Info (12128): Elaborating entity "decoder" for hierarchy "decoder:dec"
Info (12128): Elaborating entity "shift_input" for hierarchy "shift_input:shift_select_input"
Info (12128): Elaborating entity "mux" for hierarchy "mux:dec_mux"
Info (12128): Elaborating entity "reg" for hierarchy "reg:dec_reg"
Info (12128): Elaborating entity "adder" for hierarchy "adder:add"
Info (286030): Timing-Driven Synthesis is running
Info (16010): Generating hard_block partition "hard_block:auto_generated_inst"
    Info (16011): Adding 0 node(s), including 0 DDIO, 0 PLL, 0 transceiver and 0 LCELL
Warning (21074): Design contains 6 input pin(s) that do not drive logic
    Warning (15610): No output dependent on input pin "input_mr[0]"
    Warning (15610): No output dependent on input pin "input_mr[1]"
    Warning (15610): No output dependent on input pin "input_mr[2]"
    Warning (15610): No output dependent on input pin "input_mr[3]"
    Warning (15610): No output dependent on input pin "input_mr[4]"
    Warning (15610): No output dependent on input pin "input_mr[5]"
Info (21057): Implemented 215 device resources after synthesis - the final resource count might be different
    Info (21058): Implemented 20 input pins
    Info (21059): Implemented 90 output pins
    Info (21061): Implemented 105 logic cells
Info: Quartus II 64-Bit Analysis & Synthesis was successful. 0 errors, 23 warnings
    Info: Peak virtual memory: 4678 megabytes
    Info: Processing ended: Thu Dec 16 12:28:29 2021
    Info: Elapsed time: 00:00:03
    Info: Total CPU time (on all processors): 00:00:03


