Flow report for booth
<<<<<<< HEAD
Thu Dec 16 12:28:29 2021
=======
Thu Dec 16 05:16:02 2021
>>>>>>> 98f0e9fa2177332bb4bd1c5cad45a0af1cf8bbeb
Quartus II 64-Bit Version 13.0.0 Build 156 04/24/2013 SJ Web Edition


---------------------
; Table of Contents ;
---------------------
  1. Legal Notice
  2. Flow Summary
  3. Flow Settings
  4. Flow Non-Default Global Settings
  5. Flow Elapsed Time
  6. Flow OS Summary
  7. Flow Log
  8. Flow Messages
  9. Flow Suppressed Messages



----------------
; Legal Notice ;
----------------
Copyright (C) 1991-2013 Altera Corporation
Your use of Altera Corporation's design tools, logic functions 
and other software and tools, and its AMPP partner logic 
functions, and any output files from any of the foregoing 
(including device programming or simulation files), and any 
associated documentation or information are expressly subject 
to the terms and conditions of the Altera Program License 
Subscription Agreement, Altera MegaCore Function License 
Agreement, or other applicable license agreement, including, 
without limitation, that your use is for the sole purpose of 
programming logic devices manufactured by Altera and sold by 
Altera or its authorized distributors.  Please refer to the 
applicable agreement for further details.



+----------------------------------------------------------------------------------+
; Flow Summary                                                                     ;
+-------------------------------------+--------------------------------------------+
<<<<<<< HEAD
; Flow Status                         ; Successful - Thu Dec 16 12:28:29 2021      ;
=======
; Flow Status                         ; Successful - Thu Dec 16 05:16:02 2021      ;
>>>>>>> 98f0e9fa2177332bb4bd1c5cad45a0af1cf8bbeb
; Quartus II 64-Bit Version           ; 13.0.0 Build 156 04/24/2013 SJ Web Edition ;
; Revision Name                       ; booth                                      ;
; Top-level Entity Name               ; booth                                      ;
; Family                              ; Cyclone V                                  ;
; Device                              ; 5CEFA7F23C6                                ;
; Timing Models                       ; Preliminary                                ;
; Logic utilization (in ALMs)         ; N/A                                        ;
; Total registers                     ; 43                                         ;
; Total pins                          ; 110                                        ;
; Total virtual pins                  ; 0                                          ;
; Total block memory bits             ; 0                                          ;
; Total DSP Blocks                    ; 0                                          ;
; Total HSSI RX PCSs                  ; 0                                          ;
; Total HSSI PMA RX Deserializers     ; 0                                          ;
; Total HSSI PMA RX ATT Deserializers ; 0                                          ;
; Total HSSI TX PCSs                  ; 0                                          ;
; Total HSSI PMA TX Serializers       ; 0                                          ;
; Total HSSI PMA TX ATT Serializers   ; 0                                          ;
; Total PLLs                          ; 0                                          ;
; Total DLLs                          ; 0                                          ;
+-------------------------------------+--------------------------------------------+


+-----------------------------------------+
; Flow Settings                           ;
+-------------------+---------------------+
; Option            ; Setting             ;
+-------------------+---------------------+
<<<<<<< HEAD
; Start date & time ; 12/16/2021 12:28:26 ;
=======
; Start date & time ; 12/16/2021 05:15:48 ;
>>>>>>> 98f0e9fa2177332bb4bd1c5cad45a0af1cf8bbeb
; Main task         ; Compilation         ;
; Revision Name     ; booth               ;
+-------------------+---------------------+


+----------------------------------------------------------------------------------------------------------------------------+
; Flow Non-Default Global Settings                                                                                           ;
+-------------------------------------+---------------------------------------+---------------+-------------+----------------+
; Assignment Name                     ; Value                                 ; Default Value ; Entity Name ; Section Id     ;
+-------------------------------------+---------------------------------------+---------------+-------------+----------------+
<<<<<<< HEAD
; COMPILER_SIGNATURE_ID               ; 167304661025150.163966850608524       ; --            ; --          ; --             ;
=======
; COMPILER_SIGNATURE_ID               ; 176527402199611.163964254806976       ; --            ; --          ; --             ;
>>>>>>> 98f0e9fa2177332bb4bd1c5cad45a0af1cf8bbeb
; EDA_GENERATE_FUNCTIONAL_NETLIST     ; On                                    ; --            ; --          ; eda_simulation ;
; EDA_OUTPUT_DATA_FORMAT              ; Verilog Hdl                           ; --            ; --          ; eda_simulation ;
; EDA_SIMULATION_TOOL                 ; ModelSim-Altera (Verilog)             ; <None>        ; --          ; --             ;
; MAX_CORE_JUNCTION_TEMP              ; 85                                    ; --            ; --          ; --             ;
; MIN_CORE_JUNCTION_TEMP              ; 0                                     ; --            ; --          ; --             ;
; PARTITION_COLOR                     ; 16764057                              ; --            ; --          ; Top            ;
; PARTITION_FITTER_PRESERVATION_LEVEL ; PLACEMENT_AND_ROUTING                 ; --            ; --          ; Top            ;
; PARTITION_NETLIST_TYPE              ; SOURCE                                ; --            ; --          ; Top            ;
; POWER_BOARD_THERMAL_MODEL           ; None (CONSERVATIVE)                   ; --            ; --          ; --             ;
; POWER_PRESET_COOLING_SOLUTION       ; 23 MM HEAT SINK WITH 200 LFPM AIRFLOW ; --            ; --          ; --             ;
; PROJECT_OUTPUT_DIRECTORY            ; output_files                          ; --            ; --          ; --             ;
+-------------------------------------+---------------------------------------+---------------+-------------+----------------+


+--------------------------------------------------------------------------------------------------------------------------+
; Flow Elapsed Time                                                                                                        ;
+----------------------+--------------+-------------------------+---------------------+------------------------------------+
; Module Name          ; Elapsed Time ; Average Processors Used ; Peak Virtual Memory ; Total CPU Time (on all processors) ;
+----------------------+--------------+-------------------------+---------------------+------------------------------------+
<<<<<<< HEAD
; Analysis & Synthesis ; 00:00:02     ; 1.0                     ; 4678 MB             ; 00:00:03                           ;
; Total                ; 00:00:02     ; --                      ; --                  ; 00:00:03                           ;
=======
; Analysis & Synthesis ; 00:00:05     ; 1.0                     ; 4681 MB             ; 00:00:05                           ;
; EDA Netlist Writer   ; 00:00:02     ; 1.0                     ; 4581 MB             ; 00:00:02                           ;
; EDA Netlist Writer   ; 00:00:02     ; 1.0                     ; 4581 MB             ; 00:00:02                           ;
; Total                ; 00:00:09     ; --                      ; --                  ; 00:00:09                           ;
>>>>>>> 98f0e9fa2177332bb4bd1c5cad45a0af1cf8bbeb
+----------------------+--------------+-------------------------+---------------------+------------------------------------+


+-----------------------------------------------------------------------------------+
; Flow OS Summary                                                                   ;
+----------------------+------------------+-----------+------------+----------------+
; Module Name          ; Machine Hostname ; OS Name   ; OS Version ; Processor type ;
+----------------------+------------------+-----------+------------+----------------+
<<<<<<< HEAD
; Analysis & Synthesis ; DESKTOP-SFOR3R6  ; Windows 7 ; 6.2        ; x86_64         ;
=======
; Analysis & Synthesis ; DESKTOP-CKOO9T7  ; Windows 7 ; 6.2        ; x86_64         ;
; EDA Netlist Writer   ; DESKTOP-CKOO9T7  ; Windows 7 ; 6.2        ; x86_64         ;
; EDA Netlist Writer   ; DESKTOP-CKOO9T7  ; Windows 7 ; 6.2        ; x86_64         ;
>>>>>>> 98f0e9fa2177332bb4bd1c5cad45a0af1cf8bbeb
+----------------------+------------------+-----------+------------+----------------+


------------
; Flow Log ;
------------
quartus_map --read_settings_files=on --write_settings_files=off booth -c booth
<<<<<<< HEAD
=======
quartus_eda --gen_testbench --check_outputs=on --tool=modelsim_oem --format=verilog booth -c booth --vector_source=C:/Users/mateu/Documents/booth/multiplicadorBooth/Waveform.vwf --testbench_file=./simulation/qsim/booth.vt
quartus_eda --functional=on --simulation=on --tool=modelsim_oem --format=verilog booth -c booth
>>>>>>> 98f0e9fa2177332bb4bd1c5cad45a0af1cf8bbeb



